c:\users\lenovo\source\repos\terrain-generation\terrain-generation\x64\debug\vc143.pdb
c:\users\lenovo\source\repos\terrain-generation\terrain-generation\x64\debug\vc143.idb
c:\users\lenovo\source\repos\terrain-generation\terrain-generation\x64\debug\glad.obj
c:\users\lenovo\source\repos\terrain-generation\terrain-generation\x64\debug\shader.obj
c:\users\lenovo\source\repos\terrain-generation\terrain-generation\x64\debug\main.obj
c:\users\lenovo\source\repos\terrain-generation\terrain-generation\x64\debug\perlinnoise.obj
c:\users\lenovo\source\repos\terrain-generation\terrain-generation\x64\debug\terrainchunk.obj
c:\users\lenovo\source\repos\terrain-generation\terrain-generation\x64\debug\camera.obj
c:\users\lenovo\source\repos\terrain-generation\terrain-generation\x64\debug\imgui_widgets.obj
c:\users\lenovo\source\repos\terrain-generation\terrain-generation\x64\debug\imgui_tables.obj
c:\users\lenovo\source\repos\terrain-generation\terrain-generation\x64\debug\imgui_draw.obj
c:\users\lenovo\source\repos\terrain-generation\terrain-generation\x64\debug\imgui.obj
c:\users\lenovo\source\repos\terrain-generation\terrain-generation\x64\debug\imgui_impl_opengl3.obj
c:\users\lenovo\source\repos\terrain-generation\terrain-generation\x64\debug\imgui_impl_glfw.obj
c:\users\lenovo\source\repos\terrain-generation\x64\debug\terrain-generation.exe
c:\users\lenovo\source\repos\terrain-generation\x64\debug\terrain-generation.pdb
c:\users\lenovo\source\repos\terrain-generation\terrain-generation\x64\debug\terrain-generation.res
c:\users\lenovo\source\repos\terrain-generation\terrain-generation\x64\debug\terrain-generation.ilk
c:\users\lenovo\source\repos\terrain-generation\terrain-generation\x64\debug\main.obj.enc
c:\users\lenovo\source\repos\terrain-generation\terrain-generation\x64\debug\terrain-.404655fe.tlog\cl.command.1.tlog
c:\users\lenovo\source\repos\terrain-generation\terrain-generation\x64\debug\terrain-.404655fe.tlog\cl.items.tlog
c:\users\lenovo\source\repos\terrain-generation\terrain-generation\x64\debug\terrain-.404655fe.tlog\cl.read.1.tlog
c:\users\lenovo\source\repos\terrain-generation\terrain-generation\x64\debug\terrain-.404655fe.tlog\cl.write.1.tlog
c:\users\lenovo\source\repos\terrain-generation\terrain-generation\x64\debug\terrain-.404655fe.tlog\link.command.1.tlog
c:\users\lenovo\source\repos\terrain-generation\terrain-generation\x64\debug\terrain-.404655fe.tlog\link.read.1.tlog
c:\users\lenovo\source\repos\terrain-generation\terrain-generation\x64\debug\terrain-.404655fe.tlog\link.secondary.1.tlog
c:\users\lenovo\source\repos\terrain-generation\terrain-generation\x64\debug\terrain-.404655fe.tlog\link.write.1.tlog
c:\users\lenovo\source\repos\terrain-generation\terrain-generation\x64\debug\terrain-.404655fe.tlog\rc.command.1.tlog
c:\users\lenovo\source\repos\terrain-generation\terrain-generation\x64\debug\terrain-.404655fe.tlog\rc.read.1.tlog
c:\users\lenovo\source\repos\terrain-generation\terrain-generation\x64\debug\terrain-.404655fe.tlog\rc.write.1.tlog
